0.6539381648370838
0.7179292709138205
0.4749739898574295
0.5816039547127452
0.6485955481087288
0.6700433476513842
0.6368068962708451
0.6258387155489766
0.6060075259683017
0.7065349834034724
0.6025916058558527
0.5769776321617488
0.6615725819301373
0.6475050407549876
0.5159799959569125
0.5533634762077169
0.5405966030666757
0.7346886989935594
0.7245735520549969
0.6135615253034203
0.5992924122996995
0.6817987052433873
0.4882196143487752
0.6625480292370503
0.5875916199393078
0.6278221626405465
0.6570170108395047
0.6462721852058815
0.7293455840814231
0.5830370806790758
0.7207862392897757
0.6418869399230637
0.7437711182976767
0.7440648240178129
0.7760009330384537
0.6544629109822708
0.6839937317930764
0.6884866708842275
0.653485840259714
0.5629205054359941
0.7717167038883851
0.7135465304757651
0.7642812486392347
0.5870890448031031
0.5959035471949188
0.6586236570404657
0.7676937894096272
0.6452781557663234
0.6364864987750751
0.5554497734497817
0.7069734679672542
0.6392419910604917
0.670141335807799
