
Attaching package: ‘dplyr’


Attaching package: ‘dplyr’

The following objects are masked from ‘package:stats’:

    filter, lag

The following objects are masked from ‘package:stats’:

    filter, lag

The following objects are masked from ‘package:base’:

    intersect, setdiff, setequal, union

The following objects are masked from ‘package:base’:

    intersect, setdiff, setequal, union

[1] 4

Attaching package: ‘dplyr’

[1]
Attaching package: ‘dplyr’

 23

Attaching package: ‘dplyr’


Attaching package: ‘dplyr’


Attaching package: ‘dplyr’


Attaching package: ‘dplyr’


Attaching package: ‘dplyr’


Attaching package: ‘dplyr’


Attaching package: ‘dplyr’

The following objects are masked from ‘package:stats’:

    filter, lag

The following objects are masked from ‘package:stats’:

    filter, lag

The following objects are masked from ‘package:stats’:

    filter, lag

The following objects are masked from ‘package:stats’:

    filter, lag

The following objects are masked from ‘package:base’:

    intersect, setdiff, setequal, union

The following objects are masked from ‘package:base’:

    intersect, setdiff, setequal, union

The following objects are masked from ‘package:stats’:

    filter, lag

The following objects are masked from ‘package:stats’:

    filter, lag

The following objects are masked from ‘package:base’:

    intersect, setdiff, setequal, union

The following objects are masked from ‘package:base’:

    intersect, setdiff, setequal, union

[1][1] 5
 20
The following objects are masked from ‘package:base’:

    intersect, setdiff, setequal, union


Attaching package: ‘dplyr’


Attaching package: ‘dplyr’

The following objects are masked from ‘package:base’:

    intersect, setdiff, setequal, union


Attaching package: ‘dplyr’

The following objects are masked from ‘package:stats’:

    filter, lag


Attaching package: ‘dplyr’

[1] 9
[1]The following objects are masked from ‘package:base’:

    intersect, setdiff, setequal, union

[1] 8
[1] 32The following objects are masked from ‘package:stats’:

    filter, lag


 14
The following objects are masked from ‘package:stats’:

    filter, lag


Attaching package: ‘dplyr’

The following objects are masked from ‘package:base’:

    intersect, setdiff, setequal, union

[1] 17
Attaching package: ‘dplyr’



Attaching package: ‘dplyr’

The following objects are masked from ‘package:stats’:

    filter, lag

The following objects are masked from ‘package:stats’:

    filter, lag

The following objects are masked from ‘package:stats’:

    filter, lag

The following objects are masked from ‘package:stats’:

    filter, lag

The following objects are masked from ‘package:base’:

    intersect, setdiff, setequal, union

The following objects are masked from ‘package:stats’:

    filter, lag

The following objects are masked from ‘package:base’:

    intersect, setdiff, setequal, union

[1][1] 36
Attaching package: ‘dplyr’


 2

Attaching package: ‘dplyr’


Attaching package: ‘dplyr’


Attaching package: ‘dplyr’


Attaching package: ‘dplyr’

The following objects are masked from ‘package:base’:

    intersect, setdiff, setequal, union

The following objects are masked from ‘package:base’:

    intersect, setdiff, setequal, union

The following objects are masked from ‘package:stats’:

    filter, lag

[1]The following objects are masked from ‘package:stats’:

    filter, lag

 6
[1]The following objects are masked from ‘package:base’:

    intersect, setdiff, setequal, union

[1] 30
The following objects are masked from ‘package:base’:

    intersect, setdiff, setequal, union

 22
The following objects are masked from ‘package:stats’:

    filter, lag

The following objects are masked from ‘package:stats’:

    filter, lag

The following objects are masked from ‘package:stats’:

    filter, lag

The following objects are masked from ‘package:stats’:

    filter, lag

The following objects are masked from ‘package:stats’:

    filter, lag

The following objects are masked from ‘package:base’:

    intersect, setdiff, setequal, union

The following objects are masked from ‘package:base’:

    intersect, setdiff, setequal, union

[1]The following objects are masked from ‘package:base’:

    intersect, setdiff, setequal, union

 40
[1]The following objects are masked from ‘package:base’:

    intersect, setdiff, setequal, union

 10
[1]The following objects are masked from ‘package:base’:

    intersect, setdiff, setequal, union

 16
[1]The following objects are masked from ‘package:base’:

    intersect, setdiff, setequal, union

 31[1]
[1] 1
 35
[1][1]The following objects are masked from ‘package:base’:

    intersect, setdiff, setequal, union

 41 27


Attaching package: ‘dplyr’

The following objects are masked from ‘package:stats’:

    filter, lag

[1] 19
The following objects are masked from ‘package:base’:

    intersect, setdiff, setequal, union

[1] 37

Attaching package: ‘dplyr’

The following objects are masked from ‘package:stats’:

    filter, lag

The following objects are masked from ‘package:base’:

    intersect, setdiff, setequal, union


Attaching package: ‘dplyr’

[1]
Attaching package: ‘dplyr’

 25

Attaching package: ‘dplyr’

The following objects are masked from ‘package:stats’:

    filter, lag

The following objects are masked from ‘package:stats’:

    filter, lag

The following objects are masked from ‘package:base’:

    intersect, setdiff, setequal, union

The following objects are masked from ‘package:base’:

    intersect, setdiff, setequal, union

The following objects are masked from ‘package:stats’:

    filter, lag

[1][1] 7 34

The following objects are masked from ‘package:base’:

    intersect, setdiff, setequal, union

[1] 18

Attaching package: ‘dplyr’


Attaching package: ‘dplyr’


Attaching package: ‘dplyr’

The following objects are masked from ‘package:stats’:

    filter, lag

The following objects are masked from ‘package:stats’:

    filter, lag

The following objects are masked from ‘package:base’:

    intersect, setdiff, setequal, union


Attaching package: ‘dplyr’

The following objects are masked from ‘package:base’:

    intersect, setdiff, setequal, union


Attaching package: ‘dplyr’

[1]
Attaching package: ‘dplyr’

 21
Attaching package: ‘dplyr’


[1]The following objects are masked from ‘package:stats’:

    filter, lag

 11

Attaching package: ‘dplyr’

The following objects are masked from ‘package:stats’:

    filter, lag


Attaching package: ‘dplyr’


Attaching package: ‘dplyr’

The following objects are masked from ‘package:base’:

    intersect, setdiff, setequal, union

The following objects are masked from ‘package:stats’:

    filter, lag

The following objects are masked from ‘package:base’:

    intersect, setdiff, setequal, union

The following objects are masked from ‘package:base’:

    intersect, setdiff, setequal, union

[1] 3

Attaching package: ‘dplyr’

[1]The following objects are masked from ‘package:stats’:

    filter, lag

 42
The following objects are masked from ‘package:stats’:

    filter, lag

[1] 26
The following objects are masked from ‘package:stats’:

    filter, lag

The following objects are masked from ‘package:stats’:

    filter, lag

The following objects are masked from ‘package:stats’:

    filter, lag

The following objects are masked from ‘package:base’:

    intersect, setdiff, setequal, union

The following objects are masked from ‘package:base’:

    intersect, setdiff, setequal, union

The following objects are masked from ‘package:base’:

    intersect, setdiff, setequal, union

The following objects are masked from ‘package:base’:

    intersect, setdiff, setequal, union

The following objects are masked from ‘package:base’:

    intersect, setdiff, setequal, union

The following objects are masked from ‘package:stats’:

    filter, lag

[1]The following objects are masked from ‘package:base’:

    intersect, setdiff, setequal, union

 38
Attaching package: ‘dplyr’


[1]
Attaching package: ‘dplyr’

[1] 24
[1] 28
[1] 33
 15

Attaching package: ‘dplyr’

[1] 39
The following objects are masked from ‘package:stats’:

    filter, lag

The following objects are masked from ‘package:stats’:

    filter, lag

The following objects are masked from ‘package:stats’:

    filter, lag

The following objects are masked from ‘package:base’:

    intersect, setdiff, setequal, union

The following objects are masked from ‘package:base’:

    intersect, setdiff, setequal, union

The following objects are masked from ‘package:base’:

    intersect, setdiff, setequal, union

[1][1] 29[1]
 12
 13
Warning messages:
1: In min(netMHC_subset$nM, netMHC_subset$nM.1, netMHC_subset$nM.2,  :
  no non-missing arguments to min; returning Inf
2: In min(netMHC_subset$nM, netMHC_subset$nM.1, netMHC_subset$nM.2,  :
  no non-missing arguments to min; returning Inf
3: In min(netMHC_subset$nM, netMHC_subset$nM.1, netMHC_subset$nM.2,  :
  no non-missing arguments to min; returning Inf
4: In min(netMHC_subset$nM, netMHC_subset$nM.1, netMHC_subset$nM.2,  :
  no non-missing arguments to min; returning Inf
5: In min(netMHC_subset$nM, netMHC_subset$nM.1, netMHC_subset$nM.2,  :
  no non-missing arguments to min; returning Inf
6: In min(netMHC_subset$nM, netMHC_subset$nM.1, netMHC_subset$nM.2,  :
  no non-missing arguments to min; returning Inf
7: In min(netMHC_subset$nM, netMHC_subset$nM.1, netMHC_subset$nM.2,  :
  no non-missing arguments to min; returning Inf
8: In min(netMHC_subset$nM, netMHC_subset$nM.1, netMHC_subset$nM.2,  :
  no non-missing arguments to min; returning Inf
9: In min(netMHC_subset$nM, netMHC_subset$nM.1, netMHC_subset$nM.2,  :
  no non-missing arguments to min; returning Inf
Warning message:
In min(netMHC_subset$nM, netMHC_subset$nM.1, netMHC_subset$nM.2,  :
  no non-missing arguments to min; returning Inf
Warning message:
In min(netMHC_subset$nM, netMHC_subset$nM.1, netMHC_subset$nM.2,  :
  no non-missing arguments to min; returning Inf
Warning messages:
1: In min(netMHC_subset$nM, netMHC_subset$nM.1, netMHC_subset$nM.2,  :
  no non-missing arguments to min; returning Inf
2: In min(netMHC_subset$nM, netMHC_subset$nM.1, netMHC_subset$nM.2,  :
  no non-missing arguments to min; returning Inf
3: In min(netMHC_subset$nM, netMHC_subset$nM.1, netMHC_subset$nM.2,  :
  no non-missing arguments to min; returning Inf
Warning messages:
1: In min(netMHC_subset$nM, netMHC_subset$nM.1, netMHC_subset$nM.2,  :
  no non-missing arguments to min; returning Inf
2: In min(netMHC_subset$nM, netMHC_subset$nM.1, netMHC_subset$nM.2,  :
  no non-missing arguments to min; returning Inf
3: In min(netMHC_subset$nM, netMHC_subset$nM.1, netMHC_subset$nM.2,  :
  no non-missing arguments to min; returning Inf
There were 12 warnings (use warnings() to see them)
Warning messages:
1: In min(netMHC_subset$nM, netMHC_subset$nM.1, netMHC_subset$nM.2,  :
  no non-missing arguments to min; returning Inf
2: In min(netMHC_subset$nM, netMHC_subset$nM.1, netMHC_subset$nM.2,  :
  no non-missing arguments to min; returning Inf
3: In min(netMHC_subset$nM, netMHC_subset$nM.1, netMHC_subset$nM.2,  :
  no non-missing arguments to min; returning Inf
4: In min(netMHC_subset$nM, netMHC_subset$nM.1, netMHC_subset$nM.2,  :
  no non-missing arguments to min; returning Inf
Warning messages:
1: In min(netMHC_subset$nM, netMHC_subset$nM.1, netMHC_subset$nM.2,  :
  no non-missing arguments to min; returning Inf
2: In min(netMHC_subset$nM, netMHC_subset$nM.1, netMHC_subset$nM.2,  :
  no non-missing arguments to min; returning Inf
3: In min(netMHC_subset$nM, netMHC_subset$nM.1, netMHC_subset$nM.2,  :
  no non-missing arguments to min; returning Inf
4: In min(netMHC_subset$nM, netMHC_subset$nM.1, netMHC_subset$nM.2,  :
  no non-missing arguments to min; returning Inf
5: In min(netMHC_subset$nM, netMHC_subset$nM.1, netMHC_subset$nM.2,  :
  no non-missing arguments to min; returning Inf
6: In min(netMHC_subset$nM, netMHC_subset$nM.1, netMHC_subset$nM.2,  :
  no non-missing arguments to min; returning Inf
7: In min(netMHC_subset$nM, netMHC_subset$nM.1, netMHC_subset$nM.2,  :
  no non-missing arguments to min; returning Inf
Warning messages:
1: In min(netMHC_subset$nM, netMHC_subset$nM.1, netMHC_subset$nM.2,  :
  no non-missing arguments to min; returning Inf
2: In min(netMHC_subset$nM, netMHC_subset$nM.1, netMHC_subset$nM.2,  :
  no non-missing arguments to min; returning Inf
3: In min(netMHC_subset$nM, netMHC_subset$nM.1, netMHC_subset$nM.2,  :
  no non-missing arguments to min; returning Inf
4: In min(netMHC_subset$nM, netMHC_subset$nM.1, netMHC_subset$nM.2,  :
  no non-missing arguments to min; returning Inf
5: In min(netMHC_subset$nM, netMHC_subset$nM.1, netMHC_subset$nM.2,  :
  no non-missing arguments to min; returning Inf
Warning messages:
1: In min(netMHC_subset$nM, netMHC_subset$nM.1, netMHC_subset$nM.2,  :
  no non-missing arguments to min; returning Inf
2: In min(netMHC_subset$nM, netMHC_subset$nM.1, netMHC_subset$nM.2,  :
  no non-missing arguments to min; returning Inf
3: In min(netMHC_subset$nM, netMHC_subset$nM.1, netMHC_subset$nM.2,  :
  no non-missing arguments to min; returning Inf
4: In min(netMHC_subset$nM, netMHC_subset$nM.1, netMHC_subset$nM.2,  :
  no non-missing arguments to min; returning Inf
5: In min(netMHC_subset$nM, netMHC_subset$nM.1, netMHC_subset$nM.2,  :
  no non-missing arguments to min; returning Inf
There were 18 warnings (use warnings() to see them)
There were 11 warnings (use warnings() to see them)
There were 14 warnings (use warnings() to see them)
There were 11 warnings (use warnings() to see them)
Warning messages:
1: In min(netMHC_subset$nM, netMHC_subset$nM.1, netMHC_subset$nM.2,  :
  no non-missing arguments to min; returning Inf
2: In min(netMHC_subset$nM, netMHC_subset$nM.1, netMHC_subset$nM.2,  :
  no non-missing arguments to min; returning Inf
3: In min(netMHC_subset$nM, netMHC_subset$nM.1, netMHC_subset$nM.2,  :
  no non-missing arguments to min; returning Inf
4: In min(netMHC_subset$nM, netMHC_subset$nM.1, netMHC_subset$nM.2,  :
  no non-missing arguments to min; returning Inf
5: In min(netMHC_subset$nM, netMHC_subset$nM.1, netMHC_subset$nM.2,  :
  no non-missing arguments to min; returning Inf
6: In min(netMHC_subset$nM, netMHC_subset$nM.1, netMHC_subset$nM.2,  :
  no non-missing arguments to min; returning Inf
7: In min(netMHC_subset$nM, netMHC_subset$nM.1, netMHC_subset$nM.2,  :
  no non-missing arguments to min; returning Inf
8: In min(netMHC_subset$nM, netMHC_subset$nM.1, netMHC_subset$nM.2,  :
  no non-missing arguments to min; returning Inf
There were 13 warnings (use warnings() to see them)
Warning messages:
1: In min(netMHC_subset$nM, netMHC_subset$nM.1, netMHC_subset$nM.2,  :
  no non-missing arguments to min; returning Inf
2: In min(netMHC_subset$nM, netMHC_subset$nM.1, netMHC_subset$nM.2,  :
  no non-missing arguments to min; returning Inf
3: In min(netMHC_subset$nM, netMHC_subset$nM.1, netMHC_subset$nM.2,  :
  no non-missing arguments to min; returning Inf
4: In min(netMHC_subset$nM, netMHC_subset$nM.1, netMHC_subset$nM.2,  :
  no non-missing arguments to min; returning Inf
5: In min(netMHC_subset$nM, netMHC_subset$nM.1, netMHC_subset$nM.2,  :
  no non-missing arguments to min; returning Inf
6: In min(netMHC_subset$nM, netMHC_subset$nM.1, netMHC_subset$nM.2,  :
  no non-missing arguments to min; returning Inf
7: In min(netMHC_subset$nM, netMHC_subset$nM.1, netMHC_subset$nM.2,  :
  no non-missing arguments to min; returning Inf
8: In min(netMHC_subset$nM, netMHC_subset$nM.1, netMHC_subset$nM.2,  :
  no non-missing arguments to min; returning Inf
9: In min(netMHC_subset$nM, netMHC_subset$nM.1, netMHC_subset$nM.2,  :
  no non-missing arguments to min; returning Inf
There were 35 warnings (use warnings() to see them)
There were 18 warnings (use warnings() to see them)
There were 50 or more warnings (use warnings() to see the first 50)
There were 42 warnings (use warnings() to see them)
There were 30 warnings (use warnings() to see them)
There were 50 or more warnings (use warnings() to see the first 50)
/var/spool/slurm/d/job3314629/slurm_script: line 17: 16617 Killed                  Rscript Ratio_binding_mutations_in_silico.R $i
/var/spool/slurm/d/job3314629/slurm_script: line 17: 16621 Killed                  Rscript Ratio_binding_mutations_in_silico.R $i
/var/spool/slurm/d/job3314629/slurm_script: line 17: 16624 Killed                  Rscript Ratio_binding_mutations_in_silico.R $i
/var/spool/slurm/d/job3314629/slurm_script: line 17: 16635 Killed                  Rscript Ratio_binding_mutations_in_silico.R $i
/var/spool/slurm/d/job3314629/slurm_script: line 17: 16642 Killed                  Rscript Ratio_binding_mutations_in_silico.R $i
/var/spool/slurm/d/job3314629/slurm_script: line 17: 16649 Killed                  Rscript Ratio_binding_mutations_in_silico.R $i
/var/spool/slurm/d/job3314629/slurm_script: line 17: 16654 Killed                  Rscript Ratio_binding_mutations_in_silico.R $i
/var/spool/slurm/d/job3314629/slurm_script: line 17: 16655 Killed                  Rscript Ratio_binding_mutations_in_silico.R $i
There were 50 or more warnings (use warnings() to see the first 50)
There were 50 or more warnings (use warnings() to see the first 50)
There were 50 or more warnings (use warnings() to see the first 50)
There were 50 or more warnings (use warnings() to see the first 50)
There were 50 or more warnings (use warnings() to see the first 50)
Aug 20 03:07:28.138610 16253 slurmstepd   0x2b5cfa5d9a00: error: Detected 41 oom_kill events in StepId=3314629.batch. Some of the step tasks have been OOM Killed.
