
Attaching package: ‘dplyr’

The following objects are masked from ‘package:stats’:

    filter, lag

The following objects are masked from ‘package:base’:

    intersect, setdiff, setequal, union


Attaching package: ‘data.table’

The following objects are masked from ‘package:dplyr’:

    between, first, last

------------------------------------------------------------------------------
You have loaded plyr after dplyr - this is likely to cause problems.
If you need functions from both plyr and dplyr, please load plyr first, then dplyr:
library(plyr); library(dplyr)
------------------------------------------------------------------------------

Attaching package: ‘plyr’

The following objects are masked from ‘package:dplyr’:

    arrange, count, desc, failwith, id, mutate, rename, summarise,
    summarize

Loading required package: abc.data
Loading required package: nnet
Loading required package: quantreg
Loading required package: SparseM
Loading required package: MASS

Attaching package: ‘MASS’

The following object is masked from ‘package:dplyr’:

    select

Loading required package: locfit
locfit 1.5-9.10 	 2024-06-24
[1] TRUE
  X growth....summary.which.summary.Var1.....Mean.....summary.Var2....
1 1                                                            1.02828
  ratio....summary.which.summary.Var1.....Mean.....summary.Var2....
1                                                         0.5380645
  pur....summary.which.summary.Var1.....Mean.....summary.Var2....
1                                                       0.6510753
  X growth....summary.which.summary.Var1.....Mean.....summary.Var2....
1 1                                                           1.158817
  ratio....summary.which.summary.Var1.....Mean.....summary.Var2....
1                                                         0.1610753
  pur....summary.which.summary.Var1.....Mean.....summary.Var2....
1                                                       0.9495699
  X growth....summary.which.summary.Var1.....Mean.....summary.Var2....
1 1                                                            1.03828
  ratio....summary.which.summary.Var1.....Mean.....summary.Var2....
1                                                         0.6263441
  pur....summary.which.summary.Var1.....Mean.....summary.Var2....
1                                                       0.1356989
  X growth....summary.which.summary.Var1.....Mean.....summary.Var2....
1 1                                                           1.021828
  ratio....summary.which.summary.Var1.....Mean.....summary.Var2....
1                                                         0.8391398
  pur....summary.which.summary.Var1.....Mean.....summary.Var2....
1                                                       0.2325806
  X growth....summary.which.summary.Var1.....Mean.....summary.Var2....
1 1                                                           1.595054
  ratio....summary.which.summary.Var1.....Mean.....summary.Var2....
1                                                         0.4773118
  pur....summary.which.summary.Var1.....Mean.....summary.Var2....
1                                                       0.7326882
  X growth....summary.which.summary.Var1.....Mean.....summary.Var2....
1 1                                                           1.178387
  ratio....summary.which.summary.Var1.....Mean.....summary.Var2....
1                                                          0.571828
  pur....summary.which.summary.Var1.....Mean.....summary.Var2....
1                                                       0.5449462
  X growth....summary.which.summary.Var1.....Mean.....summary.Var2....
1 1                                                           1.110753
  ratio....summary.which.summary.Var1.....Mean.....summary.Var2....
1                                                         0.8094624
  pur....summary.which.summary.Var1.....Mean.....summary.Var2....
1                                                       0.6452688
  X growth....summary.which.summary.Var1.....Mean.....summary.Var2....
1 1                                                           1.045914
  ratio....summary.which.summary.Var1.....Mean.....summary.Var2....
1                                                         0.2548387
  pur....summary.which.summary.Var1.....Mean.....summary.Var2....
1                                                       0.7468817
  X growth....summary.which.summary.Var1.....Mean.....summary.Var2....
1 1                                                           1.193226
  ratio....summary.which.summary.Var1.....Mean.....summary.Var2....
1                                                         0.7494624
  pur....summary.which.summary.Var1.....Mean.....summary.Var2....
1                                                            0.39
  X growth....summary.which.summary.Var1.....Mean.....summary.Var2....
1 1                                                           1.732258
  ratio....summary.which.summary.Var1.....Mean.....summary.Var2....
1                                                         0.1086022
  pur....summary.which.summary.Var1.....Mean.....summary.Var2....
1                                                       0.8384946
  X growth....summary.which.summary.Var1.....Mean.....summary.Var2....
1 1                                                           1.156344
  ratio....summary.which.summary.Var1.....Mean.....summary.Var2....
1                                                        0.05731183
  pur....summary.which.summary.Var1.....Mean.....summary.Var2....
1                                                       0.9497849
  X growth....summary.which.summary.Var1.....Mean.....summary.Var2....
1 1                                                           1.124194
  ratio....summary.which.summary.Var1.....Mean.....summary.Var2....
1                                                         0.3154839
  pur....summary.which.summary.Var1.....Mean.....summary.Var2....
1                                                        0.701828
  X growth....summary.which.summary.Var1.....Mean.....summary.Var2....
1 1                                                           1.744946
  ratio....summary.which.summary.Var1.....Mean.....summary.Var2....
1                                                         0.1841935
  pur....summary.which.summary.Var1.....Mean.....summary.Var2....
1                                                       0.5086022
  X growth....summary.which.summary.Var1.....Mean.....summary.Var2....
1 1                                                           1.227849
  ratio....summary.which.summary.Var1.....Mean.....summary.Var2....
1                                                        0.01698925
  pur....summary.which.summary.Var1.....Mean.....summary.Var2....
1                                                       0.7333333
  X growth....summary.which.summary.Var1.....Mean.....summary.Var2....
1 1                                                           1.056989
  ratio....summary.which.summary.Var1.....Mean.....summary.Var2....
1                                                         0.1465591
  pur....summary.which.summary.Var1.....Mean.....summary.Var2....
1                                                       0.6272043
  X growth....summary.which.summary.Var1.....Mean.....summary.Var2....
1 1                                                           1.152688
  ratio....summary.which.summary.Var1.....Mean.....summary.Var2....
1                                                        0.04064516
  pur....summary.which.summary.Var1.....Mean.....summary.Var2....
1                                                       0.6573118
  X growth....summary.which.summary.Var1.....Mean.....summary.Var2....
1 1                                                           1.063871
  ratio....summary.which.summary.Var1.....Mean.....summary.Var2....
1                                                        0.08849462
  pur....summary.which.summary.Var1.....Mean.....summary.Var2....
1                                                       0.9680645
  X growth....summary.which.summary.Var1.....Mean.....summary.Var2....
1 1                                                           1.528495
  ratio....summary.which.summary.Var1.....Mean.....summary.Var2....
1                                                         0.2815054
  pur....summary.which.summary.Var1.....Mean.....summary.Var2....
1                                                       0.7233333
  X growth....summary.which.summary.Var1.....Mean.....summary.Var2....
1 1                                                           1.678602
  ratio....summary.which.summary.Var1.....Mean.....summary.Var2....
1                                                        0.03086022
  pur....summary.which.summary.Var1.....Mean.....summary.Var2....
1                                                       0.5983871
  X growth....summary.which.summary.Var1.....Mean.....summary.Var2....
1 1                                                           1.100108
  ratio....summary.which.summary.Var1.....Mean.....summary.Var2....
1                                                         0.5133333
  pur....summary.which.summary.Var1.....Mean.....summary.Var2....
1                                                       0.2951613
  X growth....summary.which.summary.Var1.....Mean.....summary.Var2....
1 1                                                            1.78086
  ratio....summary.which.summary.Var1.....Mean.....summary.Var2....
1                                                         0.3323656
  pur....summary.which.summary.Var1.....Mean.....summary.Var2....
1                                                       0.7592473
  X growth....summary.which.summary.Var1.....Mean.....summary.Var2....
1 1                                                           1.076989
  ratio....summary.which.summary.Var1.....Mean.....summary.Var2....
1                                                         0.2633333
  pur....summary.which.summary.Var1.....Mean.....summary.Var2....
1                                                       0.1956989
  X growth....summary.which.summary.Var1.....Mean.....summary.Var2....
1 1                                                            1.06129
  ratio....summary.which.summary.Var1.....Mean.....summary.Var2....
1                                                         0.2209677
  pur....summary.which.summary.Var1.....Mean.....summary.Var2....
1                                                       0.6101075
  X growth....summary.which.summary.Var1.....Mean.....summary.Var2....
1 1                                                           1.054301
  ratio....summary.which.summary.Var1.....Mean.....summary.Var2....
1                                                         0.7533333
  pur....summary.which.summary.Var1.....Mean.....summary.Var2....
1                                                       0.4207527
  X growth....summary.which.summary.Var1.....Mean.....summary.Var2....
1 1                                                            1.22086
  ratio....summary.which.summary.Var1.....Mean.....summary.Var2....
1                                                         0.3574194
  pur....summary.which.summary.Var1.....Mean.....summary.Var2....
1                                                       0.4992473
  X growth....summary.which.summary.Var1.....Mean.....summary.Var2....
1 1                                                           1.512581
  ratio....summary.which.summary.Var1.....Mean.....summary.Var2....
1                                                              0.53
  pur....summary.which.summary.Var1.....Mean.....summary.Var2....
1                                                       0.5770968
  X growth....summary.which.summary.Var1.....Mean.....summary.Var2....
1 1                                                            1.18129
  ratio....summary.which.summary.Var1.....Mean.....summary.Var2....
1                                                         0.5501075
  pur....summary.which.summary.Var1.....Mean.....summary.Var2....
1                                                       0.6675269
  X growth....summary.which.summary.Var1.....Mean.....summary.Var2....
1 1                                                           1.357849
  ratio....summary.which.summary.Var1.....Mean.....summary.Var2....
1                                                         0.2649462
  pur....summary.which.summary.Var1.....Mean.....summary.Var2....
1                                                       0.3530108
  X growth....summary.which.summary.Var1.....Mean.....summary.Var2....
1 1                                                           1.164839
  ratio....summary.which.summary.Var1.....Mean.....summary.Var2....
1                                                              0.58
  pur....summary.which.summary.Var1.....Mean.....summary.Var2....
1                                                       0.6007527
  X growth....summary.which.summary.Var1.....Mean.....summary.Var2....
1 1                                                           1.260968
  ratio....summary.which.summary.Var1.....Mean.....summary.Var2....
1                                                         0.4698925
  pur....summary.which.summary.Var1.....Mean.....summary.Var2....
1                                                       0.6994624
  X growth....summary.which.summary.Var1.....Mean.....summary.Var2....
1 1                                                           1.024624
  ratio....summary.which.summary.Var1.....Mean.....summary.Var2....
1                                                         0.4613978
  pur....summary.which.summary.Var1.....Mean.....summary.Var2....
1                                                       0.3554839
  X growth....summary.which.summary.Var1.....Mean.....summary.Var2....
1 1                                                           1.350645
  ratio....summary.which.summary.Var1.....Mean.....summary.Var2....
1                                                         0.5887097
  pur....summary.which.summary.Var1.....Mean.....summary.Var2....
1                                                       0.2983871
  X growth....summary.which.summary.Var1.....Mean.....summary.Var2....
1 1                                                           1.704086
  ratio....summary.which.summary.Var1.....Mean.....summary.Var2....
1                                                         0.3639785
  pur....summary.which.summary.Var1.....Mean.....summary.Var2....
1                                                       0.4946237
  X growth....summary.which.summary.Var1.....Mean.....summary.Var2....
1 1                                                           1.467204
  ratio....summary.which.summary.Var1.....Mean.....summary.Var2....
1                                                         0.2574194
  pur....summary.which.summary.Var1.....Mean.....summary.Var2....
1                                                       0.7401075
  X growth....summary.which.summary.Var1.....Mean.....summary.Var2....
1 1                                                           1.048172
  ratio....summary.which.summary.Var1.....Mean.....summary.Var2....
1                                                         0.4151613
  pur....summary.which.summary.Var1.....Mean.....summary.Var2....
1                                                       0.2568817
  X growth....summary.which.summary.Var1.....Mean.....summary.Var2....
1 1                                                           1.028387
  ratio....summary.which.summary.Var1.....Mean.....summary.Var2....
1                                                         0.5667742
  pur....summary.which.summary.Var1.....Mean.....summary.Var2....
1                                                       0.3173118
  X growth....summary.which.summary.Var1.....Mean.....summary.Var2....
1 1                                                           1.041183
  ratio....summary.which.summary.Var1.....Mean.....summary.Var2....
1                                                          0.334086
  pur....summary.which.summary.Var1.....Mean.....summary.Var2....
1                                                       0.3963441
  X growth....summary.which.summary.Var1.....Mean.....summary.Var2....
1 1                                                           1.040645
  ratio....summary.which.summary.Var1.....Mean.....summary.Var2....
1                                                          0.297957
  pur....summary.which.summary.Var1.....Mean.....summary.Var2....
1                                                       0.4432258
  X growth....summary.which.summary.Var1.....Mean.....summary.Var2....
1 1                                                           1.044194
  ratio....summary.which.summary.Var1.....Mean.....summary.Var2....
1                                                         0.5060215
  pur....summary.which.summary.Var1.....Mean.....summary.Var2....
1                                                       0.3944086
  X growth....summary.which.summary.Var1.....Mean.....summary.Var2....
1 1                                                           1.126882
  ratio....summary.which.summary.Var1.....Mean.....summary.Var2....
1                                                         0.3165591
  pur....summary.which.summary.Var1.....Mean.....summary.Var2....
1                                                       0.2415054
  X growth....summary.which.summary.Var1.....Mean.....summary.Var2....
1 1                                                           1.604731
  ratio....summary.which.summary.Var1.....Mean.....summary.Var2....
1                                                         0.4058065
  pur....summary.which.summary.Var1.....Mean.....summary.Var2....
1                                                       0.5910753
  X growth....summary.which.summary.Var1.....Mean.....summary.Var2....
1 1                                                           1.084946
  ratio....summary.which.summary.Var1.....Mean.....summary.Var2....
1                                                         0.5847312
  pur....summary.which.summary.Var1.....Mean.....summary.Var2....
1                                                       0.4889247
